<?xml version="1.0" encoding="UTF-8"?>
<!-- Generated by org.testng.reporters.JUnitXMLReporter -->
<testsuite ignored="0" hostname="DESKTOP-235TKBU" failures="0" tests="10" name="Default test" time="77.868" errors="0" timestamp="2021-11-20T16:13:15 IST">
  <testcase classname="com.mindtree.runner.BigSmall" name="SignIn" time="26.333"/>
  <testcase classname="com.mindtree.runner.BigSmall" name="homePageLanding" time="4.192"/>
  <testcase classname="com.mindtree.runner.BigSmall" name="searchProductTesting" time="4.341"/>
  <testcase classname="com.mindtree.runner.BigSmall" name="selectProductTesting" time="21.817"/>
  <testcase classname="com.mindtree.runner.BigSmall" name="addToCardTesting" time="0.24"/>
  <testcase classname="com.mindtree.runner.BigSmall" name="wishlisttesting" time="5.726"/>
  <testcase classname="com.mindtree.runner.BigSmall" name="addGIftCard" time="3.052"/>
  <testcase classname="com.mindtree.runner.BigSmall" name="addCOD" time="0.258"/>
  <testcase classname="com.mindtree.runner.BigSmall" name="logintest" time="6.388"/>
  <testcase classname="com.mindtree.runner.BigSmall" name="coGift" time="5.243"/>
</testsuite> <!-- Default test -->
